Sat May 21 09:55:44 CEST 2016 : Server di rete Apache Derby: 10.11.1.2 - (1629631) avviato e pronto ad accettare connessioni sulla porta 1527
----------------------------------------------------------------
Sat May 21 09:55:44 CEST 2016:
Avvio della versione di Derby The Apache Software Foundation - Apache Derby - 10.11.1.2 - (1629631): istanza a816c00e-0154-d250-1478-ffffa9b7024c
sulla directory di database C:\Users\Daniele  Caschili\Documents\NetBeansProjects\AMM-progetto-GuppoB\ProgettoAMM\web\WEB-INF\db\ammdb con caricatore classi sun.misc.Launcher$AppClassLoader@5e2de80c 
Caricato da file:/C:/Program%20Files/Java/jdk1.8.0_73/db/lib/derby.jar
java.vendor=Oracle Corporation
java.runtime.version=1.8.0_73-b02
user.dir=C:\Program Files\Java\jdk1.8.0_73\db
os.name=Windows 10
os.arch=amd64
os.version=10.0
derby.system.home=C:\Users\Daniele  Caschili\Documents\NetBeansProjects\AMM-progetto-GuppoB\ProgettoAMM\web\WEB-INF\db
Programma di caricamento classe database avviato - derby.database.classpath=''
----------------------------------------------------------------
Sat May 21 09:55:52 CEST 2016:
Arresto dell'istanza a816c00e-0154-d250-1478-ffffa9b7024c nella directory del database C:\Users\Daniele  Caschili\Documents\NetBeansProjects\AMM-progetto-GuppoB\ProgettoAMM\web\WEB-INF\db\ammdb con il caricatore di classi sun.misc.Launcher$AppClassLoader@5e2de80c 
Sat May 21 09:55:52 CEST 2016 Thread[DRDAConnThread_3,5,main] (DATABASE = ammdb), (DRDAID = {2}), Chiusura del database 'ammdb'.
----------------------------------------------------------------
Sat May 21 09:55:59 CEST 2016:
Avvio della versione di Derby The Apache Software Foundation - Apache Derby - 10.11.1.2 - (1629631): istanza a65c80ac-0154-d250-1478-ffffa9b7024c
sulla directory di database C:\Users\Daniele  Caschili\Documents\NetBeansProjects\AMM-progetto-GuppoB\ProgettoAMM\web\WEB-INF\db\ammdb con caricatore classi sun.misc.Launcher$AppClassLoader@5e2de80c 
Caricato da file:/C:/Program%20Files/Java/jdk1.8.0_73/db/lib/derby.jar
java.vendor=Oracle Corporation
java.runtime.version=1.8.0_73-b02
user.dir=C:\Program Files\Java\jdk1.8.0_73\db
os.name=Windows 10
os.arch=amd64
os.version=10.0
derby.system.home=C:\Users\Daniele  Caschili\Documents\NetBeansProjects\AMM-progetto-GuppoB\ProgettoAMM\web\WEB-INF\db
Programma di caricamento classe database avviato - derby.database.classpath=''
